<?xml version="1.0" encoding="UTF-8"?>
<testng-results ignored="0" total="1" passed="1" failed="0" skipped="0">
  <reporter-output>
  </reporter-output>
  <suite started-at="2024-07-18T16:47:04 IST" name="Default suite" finished-at="2024-07-18T16:50:51 IST" duration-ms="226927">
    <groups>
    </groups>
    <test started-at="2024-07-18T16:47:04 IST" name="Default test" finished-at="2024-07-18T16:50:51 IST" duration-ms="226927">
      <class name="useCaseTests.UseCaseExecution">
        <test-method is-config="true" signature="bsConfig()[pri:0, instance:useCaseTests.UseCaseExecution@2e3967ea]" started-at="2024-07-18T16:47:04 IST" name="bsConfig" finished-at="2024-07-18T16:47:04 IST" duration-ms="5" status="PASS">
          <reporter-output>
          </reporter-output>
        </test-method> <!-- bsConfig -->
        <test-method is-config="true" signature="bmConfig()[pri:0, instance:useCaseTests.UseCaseExecution@2e3967ea]" started-at="2024-07-18T16:47:05 IST" name="bmConfig" finished-at="2024-07-18T16:47:05 IST" duration-ms="0" status="PASS">
          <reporter-output>
          </reporter-output>
        </test-method> <!-- bmConfig -->
        <test-method signature="useCaseTest()[pri:0, instance:useCaseTests.UseCaseExecution@2e3967ea]" started-at="2024-07-18T16:47:05 IST" name="useCaseTest" finished-at="2024-07-18T16:50:51 IST" duration-ms="226643" status="PASS">
          <reporter-output>
          </reporter-output>
        </test-method> <!-- useCaseTest -->
        <test-method is-config="true" signature="amConfig()[pri:0, instance:useCaseTests.UseCaseExecution@2e3967ea]" started-at="2024-07-18T16:50:51 IST" name="amConfig" finished-at="2024-07-18T16:50:51 IST" duration-ms="1" status="PASS">
          <reporter-output>
          </reporter-output>
        </test-method> <!-- amConfig -->
        <test-method is-config="true" signature="asConfig()[pri:0, instance:useCaseTests.UseCaseExecution@2e3967ea]" started-at="2024-07-18T16:50:52 IST" name="asConfig" finished-at="2024-07-18T16:50:52 IST" duration-ms="1" status="PASS">
          <reporter-output>
          </reporter-output>
        </test-method> <!-- asConfig -->
      </class> <!-- useCaseTests.UseCaseExecution -->
    </test> <!-- Default test -->
  </suite> <!-- Default suite -->
</testng-results>
